-------------------------------------------------------------------------------
Test set: com.ECLIN.InstitutionDataModelTest
-------------------------------------------------------------------------------
Tests run: 1, Failures: 0, Errors: 1, Skipped: 0, Time elapsed: 0.003 s <<< FAILURE! - in com.ECLIN.InstitutionDataModelTest
afterInitDataModelTriageTypeMustBeSet(com.ECLIN.InstitutionDataModelTest)  Time elapsed: 0 s  <<< ERROR!
java.lang.NoClassDefFoundError: com/ECLIN/InstitutionDataModel
	at com.ECLIN.InstitutionDataModelTest.afterInitDataModelTriageTypeMustBeSet(InstitutionDataModelTest.java:11)
Caused by: java.lang.ClassNotFoundException: com.ECLIN.InstitutionDataModel
	at com.ECLIN.InstitutionDataModelTest.afterInitDataModelTriageTypeMustBeSet(InstitutionDataModelTest.java:11)

