-------------------------------------------------------------------------------
Test set: com.ECLIN.CommunityCenterTest
-------------------------------------------------------------------------------
Tests run: 8, Failures: 0, Errors: 8, Skipped: 0, Time elapsed: 0.002 s <<< FAILURE! - in com.ECLIN.CommunityCenterTest
afterTriageNurseListIsNoLongerEmpty(com.ECLIN.CommunityCenterTest)  Time elapsed: 0.001 s  <<< ERROR!
java.lang.NoSuchMethodError: com.ECLIN.CommunityCenter.getListNumberOfPatient(Lcom/ECLIN/enums/ListType;)I
	at com.ECLIN.CommunityCenterTest.afterTriageNurseListIsNoLongerEmpty(CommunityCenterTest.java:22)

onTriagePatientWithGravity1IsNotIncludedOnTheList(com.ECLIN.CommunityCenterTest)  Time elapsed: 0 s  <<< ERROR!
java.lang.NoSuchMethodError: com.ECLIN.CommunityCenter.getListNumberOfPatient(Lcom/ECLIN/enums/ListType;)I
	at com.ECLIN.CommunityCenterTest.onTriagePatientWithGravity1IsNotIncludedOnTheList(CommunityCenterTest.java:65)

onTriagePatientMustBeAddedToNurseList(com.ECLIN.CommunityCenterTest)  Time elapsed: 0 s  <<< ERROR!
java.lang.NoSuchMethodError: com.ECLIN.CommunityCenter.getListNumberOfPatient(Lcom/ECLIN/enums/ListType;)I
	at com.ECLIN.CommunityCenterTest.onTriagePatientMustBeAddedToNurseList(CommunityCenterTest.java:40)

onTriagePatientWithHighGravityMustBeAddedFirstWhenGRAVITY(com.ECLIN.CommunityCenterTest)  Time elapsed: 0 s  <<< ERROR!
java.lang.NoSuchMethodError: com.ECLIN.CommunityCenter.getFirstPatient(Lcom/ECLIN/enums/ListType;)Lcom/ECLIN/Patient;
	at com.ECLIN.CommunityCenterTest.onTriagePatientWithHighGravityMustBeAddedFirstWhenGRAVITY(CommunityCenterTest.java:50)

onInitNurseListIsEmpty(com.ECLIN.CommunityCenterTest)  Time elapsed: 0 s  <<< ERROR!
java.lang.NoSuchMethodError: com.ECLIN.CommunityCenter.getListNumberOfPatient(Lcom/ECLIN/enums/ListType;)I
	at com.ECLIN.CommunityCenterTest.onInitNurseListIsEmpty(CommunityCenterTest.java:15)

afterInitTriageTypeMustBeGRAVITYWhenThisParamInConstructor(com.ECLIN.CommunityCenterTest)  Time elapsed: 0 s  <<< ERROR!
java.lang.NoSuchMethodError: com.ECLIN.CommunityCenter.getTriageType()Lcom/ECLIN/enums/TriageType;
	at com.ECLIN.CommunityCenterTest.afterInitTriageTypeMustBeGRAVITYWhenThisParamInConstructor(CommunityCenterTest.java:34)

onTriagePatientWithLowGravityMustBeAddedLastWhenGRAVITY(com.ECLIN.CommunityCenterTest)  Time elapsed: 0 s  <<< ERROR!
java.lang.NoSuchMethodError: com.ECLIN.CommunityCenter.getFirstPatient(Lcom/ECLIN/enums/ListType;)Lcom/ECLIN/Patient;
	at com.ECLIN.CommunityCenterTest.onTriagePatientWithLowGravityMustBeAddedLastWhenGRAVITY(CommunityCenterTest.java:58)

afterInitTriageTypeMustBeFIFOWhenNoParamConstructor(com.ECLIN.CommunityCenterTest)  Time elapsed: 0 s  <<< ERROR!
java.lang.NoSuchMethodError: com.ECLIN.CommunityCenter.getTriageType()Lcom/ECLIN/enums/TriageType;
	at com.ECLIN.CommunityCenterTest.afterInitTriageTypeMustBeFIFOWhenNoParamConstructor(CommunityCenterTest.java:28)

